ARM GAS  /cygdrive/c/Users/embedded/AppData/Local/Temp/cc7rKLdJ.s 			page 1


   1              		.code	16
   2              		.file	"adc.c"
   3              		.section	.debug_abbrev,"",%progbits
   4              	.Ldebug_abbrev0:
   5              		.section	.debug_info,"",%progbits
   6              	.Ldebug_info0:
   7              		.section	.debug_line,"",%progbits
   8              	.Ldebug_line0:
   9 0000 8B000000 		.text
   9      02003300 
   9      00000201 
   9      FB0E0D00 
   9      01010101 
  10              	.Ltext0:
  11              		.align	2
  12              		.global	getAnalogueInput0
  13              		.code 16
  14              		.thumb_func
  15              		.type	getAnalogueInput0, %function
  16              	getAnalogueInput0:
  17              	.LFB2:
  18              		.file 1 "adc.c"
   1:adc.c         **** /******************************************************************************
   2:adc.c         ****  *
   3:adc.c         ****  * Copyright:
   4:adc.c         ****  *    (C) 2000 - 2005 Embedded Artists AB
   5:adc.c         ****  *
   6:adc.c         ****  * Description:
   7:adc.c         ****  *    Christmas tree
   8:adc.c         ****  *
   9:adc.c         ****  *****************************************************************************/
  10:adc.c         **** 
  11:adc.c         **** #include <general.h>
  12:adc.c         **** #include <printf_P.h>
  13:adc.c         **** #include <lpc2xxx.h>
  14:adc.c         **** #include <config.h>
  15:adc.c         **** #include "adc.h"
  16:adc.c         **** 
  17:adc.c         **** /******************************************************************************
  18:adc.c         ****  * Defines and typedefs
  19:adc.c         ****  *****************************************************************************/
  20:adc.c         **** #define CRYSTAL_FREQUENCY FOSC
  21:adc.c         **** #define PLL_FACTOR        PLL_MUL
  22:adc.c         **** #define VPBDIV_FACTOR     PBSD
  23:adc.c         **** 
  24:adc.c         **** 
  25:adc.c         **** /*****************************************************************************
  26:adc.c         ****  *
  27:adc.c         ****  * Description:
  28:adc.c         ****  *    Start a conversion of one selected analogue input and return
  29:adc.c         ****  *    10-bit result.
  30:adc.c         ****  *
  31:adc.c         ****  * Params:
  32:adc.c         ****  *    [in] channel - analogue input channel to convert.
  33:adc.c         ****  *
  34:adc.c         ****  * Return:
  35:adc.c         ****  *    10-bit conversion result
ARM GAS  /cygdrive/c/Users/embedded/AppData/Local/Temp/cc7rKLdJ.s 			page 2


  36:adc.c         ****  *
  37:adc.c         ****  ****************************************************************************/
  38:adc.c         **** tU16
  39:adc.c         **** getAnalogueInput0(tU8 channel)
  40:adc.c         **** {
  19              		.loc 1 40 0
  20 0000 10B5     		push	{r4, lr}
  21              	.LCFI0:
  22              	.LVL0:
  41:adc.c         **** //  volatile tU32 cpsrReg;
  42:adc.c         ****   tU16 returnResult;
  43:adc.c         **** 
  44:adc.c         ****   //disable IRQ
  45:adc.c         **** //  cpsrReg = disIrq();
  46:adc.c         **** 
  47:adc.c         **** 	//start conversion now (for selected channel)
  48:adc.c         **** 	ADCR = (ADCR & 0xFFFFFF00) | (1 << channel) | (1 << 24);
  23              		.loc 1 48 0
  24 0002 0B4C     		ldr	r4, .L7
  25 0004 2268     		ldr	r2, [r4]
  26 0006 FF23     		mov	r3, #255
  27 0008 9A43     		bic	r2, r2, r3
  28              		.loc 1 40 0
  29 000a 0006     		lsl	r0, r0, #24
  30              	.LVL1:
  31              		.loc 1 48 0
  32 000c 8023     		mov	r3, #128
  33              		.loc 1 40 0
  34 000e 000E     		lsr	r0, r0, #24
  35              	.LVL2:
  36              		.loc 1 48 0
  37 0010 0121     		mov	r1, #1
  38 0012 5B04     		lsl	r3, r3, #17
  39 0014 8140     		lsl	r1, r1, r0
  40 0016 1A43     		orr	r2, r2, r3
  41 0018 1143     		orr	r1, r1, r2
  42 001a 2160     		str	r1, [r4]
  43              	.L2:
  49:adc.c         **** 	
  50:adc.c         **** 	//wait til done
  51:adc.c         **** 	while((ADDR & 0x80000000) == 0)
  44              		.loc 1 51 0
  45 001c 0548     		ldr	r0, .L7+4
  46              	.LVL3:
  47 001e 0368     		ldr	r3, [r0]
  48 0020 002B     		cmp	r3, #0
  49 0022 FBDA     		bge	.L2
  52:adc.c         **** 	  ;
  53:adc.c         **** 
  54:adc.c         **** 	//get result and adjust to 10-bit integer
  55:adc.c         **** 	returnResult = (ADDR>>6) & 0x3FF;
  50              		.loc 1 55 0
  51 0024 0068     		ldr	r0, [r0]
  52 0026 0004     		lsl	r0, r0, #16
  53 0028 800D     		lsr	r0, r0, #22
  56:adc.c         **** 
  57:adc.c         ****   //enable IRQ
ARM GAS  /cygdrive/c/Users/embedded/AppData/Local/Temp/cc7rKLdJ.s 			page 3


  58:adc.c         **** //  restoreIrq(cpsrReg);
  59:adc.c         ****   
  60:adc.c         ****   return returnResult;
  61:adc.c         **** }
  54              		.loc 1 61 0
  55              		@ sp needed for prologue
  56 002a 10BC     		pop	{r4}
  57 002c 02BC     		pop	{r1}
  58 002e 0847     		bx	r1
  59              	.L8:
  60              		.align	2
  61              	.L7:
  62 0030 004003E0 		.word	-536657920
  63 0034 044003E0 		.word	-536657916
  64              	.LFE2:
  65              		.size	getAnalogueInput0, .-getAnalogueInput0
  66              		.align	2
  67              		.global	getAnalogueInput1
  68              		.code 16
  69              		.thumb_func
  70              		.type	getAnalogueInput1, %function
  71              	getAnalogueInput1:
  72              	.LFB3:
  62:adc.c         **** 
  63:adc.c         **** tU16
  64:adc.c         **** getAnalogueInput1(tU8 channel)
  65:adc.c         **** {
  73              		.loc 1 65 0
  74 0038 10B5     		push	{r4, lr}
  75              	.LCFI1:
  76              	.LVL4:
  66:adc.c         **** //  volatile tU32 cpsrReg;
  67:adc.c         ****   tU16 returnResult;
  68:adc.c         **** 
  69:adc.c         ****   //disable IRQ
  70:adc.c         **** //  cpsrReg = disIrq();
  71:adc.c         **** 
  72:adc.c         **** 	//start conversion now (for selected channel)
  73:adc.c         **** 	AD1CR = (AD1CR & 0xFFFFFF00) | (1 << channel) | (1 << 24);
  77              		.loc 1 73 0
  78 003a 0B4C     		ldr	r4, .L15
  79 003c 2268     		ldr	r2, [r4]
  80 003e FF23     		mov	r3, #255
  81 0040 9A43     		bic	r2, r2, r3
  82              		.loc 1 65 0
  83 0042 0006     		lsl	r0, r0, #24
  84              	.LVL5:
  85              		.loc 1 73 0
  86 0044 8023     		mov	r3, #128
  87              		.loc 1 65 0
  88 0046 000E     		lsr	r0, r0, #24
  89              	.LVL6:
  90              		.loc 1 73 0
  91 0048 0121     		mov	r1, #1
  92 004a 5B04     		lsl	r3, r3, #17
  93 004c 8140     		lsl	r1, r1, r0
  94 004e 1A43     		orr	r2, r2, r3
ARM GAS  /cygdrive/c/Users/embedded/AppData/Local/Temp/cc7rKLdJ.s 			page 4


  95 0050 1143     		orr	r1, r1, r2
  96 0052 2160     		str	r1, [r4]
  97              	.L10:
  74:adc.c         **** 	
  75:adc.c         **** 	//wait til done
  76:adc.c         **** 	while((AD1DR & 0x80000000) == 0)
  98              		.loc 1 76 0
  99 0054 0548     		ldr	r0, .L15+4
 100              	.LVL7:
 101 0056 0368     		ldr	r3, [r0]
 102 0058 002B     		cmp	r3, #0
 103 005a FBDA     		bge	.L10
  77:adc.c         **** 	  ;
  78:adc.c         **** 
  79:adc.c         **** 	//get result and adjust to 10-bit integer
  80:adc.c         **** 	returnResult = (AD1DR>>6) & 0x3FF;
 104              		.loc 1 80 0
 105 005c 0068     		ldr	r0, [r0]
 106 005e 0004     		lsl	r0, r0, #16
 107 0060 800D     		lsr	r0, r0, #22
  81:adc.c         **** 
  82:adc.c         ****   //enable IRQ
  83:adc.c         **** //  restoreIrq(cpsrReg);
  84:adc.c         ****   
  85:adc.c         ****   return returnResult;
  86:adc.c         **** }
 108              		.loc 1 86 0
 109              		@ sp needed for prologue
 110 0062 10BC     		pop	{r4}
 111 0064 02BC     		pop	{r1}
 112 0066 0847     		bx	r1
 113              	.L16:
 114              		.align	2
 115              	.L15:
 116 0068 000006E0 		.word	-536477696
 117 006c 040006E0 		.word	-536477692
 118              	.LFE3:
 119              		.size	getAnalogueInput1, .-getAnalogueInput1
 120              		.align	2
 121              		.global	initAdc
 122              		.code 16
 123              		.thumb_func
 124              		.type	initAdc, %function
 125              	initAdc:
 126              	.LFB4:
  87:adc.c         **** 
  88:adc.c         **** /*****************************************************************************
  89:adc.c         ****  *
  90:adc.c         ****  * Description:
  91:adc.c         ****  *
  92:adc.c         ****  ****************************************************************************/
  93:adc.c         **** void
  94:adc.c         **** initAdc(void)
  95:adc.c         **** {
 127              		.loc 1 95 0
 128 0070 10B5     		push	{r4, lr}
 129              	.LCFI2:
ARM GAS  /cygdrive/c/Users/embedded/AppData/Local/Temp/cc7rKLdJ.s 			page 5


  96:adc.c         **** 	volatile tU32 integerResult;
  97:adc.c         **** 
  98:adc.c         **** 	//
  99:adc.c         ****   //Initialize ADC: AIN0 = P0.22
 100:adc.c         ****   //
 101:adc.c         ****   //PINSEL1 &= ~0x00003000;
 102:adc.c         ****   //PINSEL1 |=  0x00003000;
 103:adc.c         ****   
 104:adc.c         **** 	//
 105:adc.c         ****   //Initialize ADC: AIN1.6 = P0.21
 106:adc.c         ****   //
 107:adc.c         ****   PINSEL1 &= ~((1<<10)|(1<<11));
 130              		.loc 1 107 0
 131 0072 1D49     		ldr	r1, .L19
 132 0074 1D4A     		ldr	r2, .L19+4
 133 0076 0B68     		ldr	r3, [r1]
 134 0078 1340     		and	r3, r3, r2
 135 007a 0B60     		str	r3, [r1]
 108:adc.c         ****   PINSEL1 |=  (1<<11);
 136              		.loc 1 108 0
 137 007c 8023     		mov	r3, #128
 138 007e 0A68     		ldr	r2, [r1]
 139 0080 1B01     		lsl	r3, r3, #4
 140 0082 1A43     		orr	r2, r2, r3
 141 0084 0A60     		str	r2, [r1]
 109:adc.c         **** 
 110:adc.c         **** 	//
 111:adc.c         ****   //Initialize ADC: AIN1.7 = P0.22
 112:adc.c         ****   //
 113:adc.c         ****   PINSEL1 &= ~((1<<12)|(1<<13));
 142              		.loc 1 113 0
 143 0086 1A4A     		ldr	r2, .L19+8
 144 0088 0B68     		ldr	r3, [r1]
 145 008a 1340     		and	r3, r3, r2
 146 008c 0B60     		str	r3, [r1]
 114:adc.c         ****   PINSEL1 |=  (1<<12);
 147              		.loc 1 114 0
 148 008e 8023     		mov	r3, #128
 149 0090 0A68     		ldr	r2, [r1]
 150 0092 5B01     		lsl	r3, r3, #5
 151 0094 1A43     		orr	r2, r2, r3
 152 0096 0A60     		str	r2, [r1]
 115:adc.c         **** 
 116:adc.c         **** 	//
 117:adc.c         ****   //Initialize ADC: AIN0.4 = P0.25
 118:adc.c         ****   //
 119:adc.c         ****   PINSEL1 &= ~((1<<18)|(1<<19));
 153              		.loc 1 119 0
 154 0098 164A     		ldr	r2, .L19+12
 155 009a 0B68     		ldr	r3, [r1]
 156 009c 1340     		and	r3, r3, r2
 157 009e 0B60     		str	r3, [r1]
 120:adc.c         ****   PINSEL1 |=  (1<<18);
 158              		.loc 1 120 0
 159 00a0 8023     		mov	r3, #128
 160 00a2 0A68     		ldr	r2, [r1]
 161 00a4 DB02     		lsl	r3, r3, #11
ARM GAS  /cygdrive/c/Users/embedded/AppData/Local/Temp/cc7rKLdJ.s 			page 6


 162 00a6 1A43     		orr	r2, r2, r3
 163 00a8 0A60     		str	r2, [r1]
 121:adc.c         **** 
 122:adc.c         ****     //Initialize ADC: AIN0.3 = P0.30
 123:adc.c         ****   //
 124:adc.c         ****   PINSEL1 &= ~((1<<28)|(1<<29));
 164              		.loc 1 124 0
 165 00aa 134A     		ldr	r2, .L19+16
 166 00ac 0B68     		ldr	r3, [r1]
 167 00ae 1340     		and	r3, r3, r2
 168 00b0 0B60     		str	r3, [r1]
 125:adc.c         ****   PINSEL1 |=  (1<<28);
 169              		.loc 1 125 0
 170 00b2 8023     		mov	r3, #128
 171 00b4 0A68     		ldr	r2, [r1]
 172 00b6 5B05     		lsl	r3, r3, #21
 173 00b8 1A43     		orr	r2, r2, r3
 126:adc.c         **** 
 127:adc.c         ****   //initialize ADC
 128:adc.c         ****   ADCR = (1 << 0)                             |  //SEL = 1, dummy channel #0
 174              		.loc 1 128 0
 175 00ba 104C     		ldr	r4, .L19+20
 176 00bc 104B     		ldr	r3, .L19+24
 177              		.loc 1 95 0
 178 00be 81B0     		sub	sp, sp, #4
 179              	.LCFI3:
 180              		.loc 1 125 0
 181 00c0 0A60     		str	r2, [r1]
 129:adc.c         ****          ((CRYSTAL_FREQUENCY *
 130:adc.c         ****            PLL_FACTOR /
 131:adc.c         ****            VPBDIV_FACTOR) / 4500000 - 1) << 8 |  //set clock division factor, so ADC clock is 4.5MH
 132:adc.c         ****          (0 << 16)                            |  //BURST = 0, conversions are SW controlled
 133:adc.c         ****          (0 << 17)                            |  //CLKS  = 0, 11 clocks = 10-bit result
 134:adc.c         ****          (1 << 21)                            |  //PDN   = 1, ADC is active
 135:adc.c         ****          (1 << 24)                            |  //START = 1, start a conversion now
 136:adc.c         ****          (0 << 27);							                 //EDGE  = 0, not relevant when start=1
 137:adc.c         **** 
 138:adc.c         ****   //short delay and dummy read
 139:adc.c         ****   osSleep(20);
 182              		.loc 1 139 0
 183 00c2 1420     		mov	r0, #20
 184              		.loc 1 128 0
 185 00c4 1C60     		str	r4, [r3]
 186              		.loc 1 139 0
 187 00c6 FFF7FEFF 		bl	osSleep
 140:adc.c         ****   integerResult = ADDR;
 188              		.loc 1 140 0
 189 00ca 0E4B     		ldr	r3, .L19+28
 190 00cc 1B68     		ldr	r3, [r3]
 191 00ce 0093     		str	r3, [sp]
 192              	.LVL8:
 141:adc.c         ****   AD1CR = (1 << 0)                             |  //SEL = 1, dummy channel #0
 193              		.loc 1 141 0
 194 00d0 0D4B     		ldr	r3, .L19+32
 142:adc.c         ****          ((CRYSTAL_FREQUENCY *
 143:adc.c         ****            PLL_FACTOR /
 144:adc.c         ****            VPBDIV_FACTOR) / 4500000 - 1) << 8 |  //set clock division factor, so ADC clock is 4.5MH
ARM GAS  /cygdrive/c/Users/embedded/AppData/Local/Temp/cc7rKLdJ.s 			page 7


 145:adc.c         ****          (0 << 16)                            |  //BURST = 0, conversions are SW controlled
 146:adc.c         ****          (0 << 17)                            |  //CLKS  = 0, 11 clocks = 10-bit result
 147:adc.c         ****          (1 << 21)                            |  //PDN   = 1, ADC is active
 148:adc.c         ****          (1 << 24)                            |  //START = 1, start a conversion now
 149:adc.c         ****          (0 << 27);							                 //EDGE  = 0, not relevant when start=1
 150:adc.c         **** 
 151:adc.c         ****   //short delay and dummy read
 152:adc.c         ****   osSleep(20);
 195              		.loc 1 152 0
 196 00d2 1420     		mov	r0, #20
 197              		.loc 1 141 0
 198 00d4 1C60     		str	r4, [r3]
 199              		.loc 1 152 0
 200 00d6 FFF7FEFF 		bl	osSleep
 153:adc.c         ****   integerResult = AD1DR;
 201              		.loc 1 153 0
 202 00da 0C4B     		ldr	r3, .L19+36
 203 00dc 1B68     		ldr	r3, [r3]
 204 00de 0093     		str	r3, [sp]
 154:adc.c         **** }
 205              		.loc 1 154 0
 206 00e0 01B0     		add	sp, sp, #4
 207              		@ sp needed for prologue
 208 00e2 10BC     		pop	{r4}
 209 00e4 01BC     		pop	{r0}
 210 00e6 0047     		bx	r0
 211              	.L20:
 212              		.align	2
 213              	.L19:
 214 00e8 04C002E0 		.word	-536690684
 215 00ec FFF3FFFF 		.word	-3073
 216 00f0 FFCFFFFF 		.word	-12289
 217 00f4 FFFFF3FF 		.word	-786433
 218 00f8 FFFFFFCF 		.word	-805306369
 219 00fc 010C2001 		.word	18877441
 220 0100 004003E0 		.word	-536657920
 221 0104 044003E0 		.word	-536657916
 222 0108 000006E0 		.word	-536477696
 223 010c 040006E0 		.word	-536477692
 224              	.LFE4:
 225              		.size	initAdc, .-initAdc
 226              		.section	.debug_frame,"",%progbits
 227              	.Lframe0:
 228 0000 0C000000 		.4byte	.LECIE0-.LSCIE0
 229              	.LSCIE0:
 230 0004 FFFFFFFF 		.4byte	0xffffffff
 231 0008 01       		.byte	0x1
 232 0009 00       		.ascii	"\000"
 233 000a 01       		.uleb128 0x1
 234 000b 7C       		.sleb128 -4
 235 000c 0E       		.byte	0xe
 236 000d 0C       		.byte	0xc
 237 000e 0D       		.uleb128 0xd
 238 000f 00       		.uleb128 0x0
 239              		.align	2
 240              	.LECIE0:
 241              	.LSFDE0:
ARM GAS  /cygdrive/c/Users/embedded/AppData/Local/Temp/cc7rKLdJ.s 			page 8


 242 0010 14000000 		.4byte	.LEFDE0-.LASFDE0
 243              	.LASFDE0:
 244 0014 00000000 		.4byte	.Lframe0
 245 0018 00000000 		.4byte	.LFB2
 246 001c 38000000 		.4byte	.LFE2-.LFB2
 247 0020 42       		.byte	0x4
 248              		.4byte	.LCFI0-.LFB2
 249 0021 0E       		.byte	0xe
 250 0022 08       		.uleb128 0x8
 251 0023 84       		.byte	0x84
 252 0024 02       		.uleb128 0x2
 253 0025 8E       		.byte	0x8e
 254 0026 01       		.uleb128 0x1
 255 0027 00       		.align	2
 256              	.LEFDE0:
 257              	.LSFDE2:
 258 0028 14000000 		.4byte	.LEFDE2-.LASFDE2
 259              	.LASFDE2:
 260 002c 00000000 		.4byte	.Lframe0
 261 0030 38000000 		.4byte	.LFB3
 262 0034 38000000 		.4byte	.LFE3-.LFB3
 263 0038 42       		.byte	0x4
 264              		.4byte	.LCFI1-.LFB3
 265 0039 0E       		.byte	0xe
 266 003a 08       		.uleb128 0x8
 267 003b 84       		.byte	0x84
 268 003c 02       		.uleb128 0x2
 269 003d 8E       		.byte	0x8e
 270 003e 01       		.uleb128 0x1
 271 003f 00       		.align	2
 272              	.LEFDE2:
 273              	.LSFDE4:
 274 0040 18000000 		.4byte	.LEFDE4-.LASFDE4
 275              	.LASFDE4:
 276 0044 00000000 		.4byte	.Lframe0
 277 0048 70000000 		.4byte	.LFB4
 278 004c A0000000 		.4byte	.LFE4-.LFB4
 279 0050 42       		.byte	0x4
 280              		.4byte	.LCFI2-.LFB4
 281 0051 0E       		.byte	0xe
 282 0052 08       		.uleb128 0x8
 283 0053 84       		.byte	0x84
 284 0054 02       		.uleb128 0x2
 285 0055 8E       		.byte	0x8e
 286 0056 01       		.uleb128 0x1
 287 0057 02       		.byte	0x4
 288 0058 4E       		.4byte	.LCFI3-.LCFI2
 289 0059 0E       		.byte	0xe
 290 005a 0C       		.uleb128 0xc
 291 005b 00       		.align	2
 292              	.LEFDE4:
 293              		.file 2 "./startup/general.h"
 294              		.text
 295              	.Letext0:
 296              		.section	.debug_loc,"",%progbits
 297              	.Ldebug_loc0:
 298              	.LLST0:
ARM GAS  /cygdrive/c/Users/embedded/AppData/Local/Temp/cc7rKLdJ.s 			page 9


 299 0000 00000000 		.4byte	.LFB2-.Ltext0
 300 0004 02000000 		.4byte	.LCFI0-.Ltext0
 301 0008 0100     		.2byte	0x1
 302 000a 5D       		.byte	0x5d
 303 000b 02000000 		.4byte	.LCFI0-.Ltext0
 304 000f 38000000 		.4byte	.LFE2-.Ltext0
 305 0013 0200     		.2byte	0x2
 306 0015 7D       		.byte	0x7d
 307 0016 08       		.sleb128 8
 308 0017 00000000 		.4byte	0x0
 309 001b 00000000 		.4byte	0x0
 310              	.LLST1:
 311 001f 02000000 		.4byte	.LVL0-.Ltext0
 312 0023 0C000000 		.4byte	.LVL1-.Ltext0
 313 0027 0100     		.2byte	0x1
 314 0029 50       		.byte	0x50
 315 002a 10000000 		.4byte	.LVL2-.Ltext0
 316 002e 1E000000 		.4byte	.LVL3-.Ltext0
 317 0032 0100     		.2byte	0x1
 318 0034 50       		.byte	0x50
 319 0035 00000000 		.4byte	0x0
 320 0039 00000000 		.4byte	0x0
 321              	.LLST2:
 322 003d 38000000 		.4byte	.LFB3-.Ltext0
 323 0041 3A000000 		.4byte	.LCFI1-.Ltext0
 324 0045 0100     		.2byte	0x1
 325 0047 5D       		.byte	0x5d
 326 0048 3A000000 		.4byte	.LCFI1-.Ltext0
 327 004c 70000000 		.4byte	.LFE3-.Ltext0
 328 0050 0200     		.2byte	0x2
 329 0052 7D       		.byte	0x7d
 330 0053 08       		.sleb128 8
 331 0054 00000000 		.4byte	0x0
 332 0058 00000000 		.4byte	0x0
 333              	.LLST3:
 334 005c 3A000000 		.4byte	.LVL4-.Ltext0
 335 0060 44000000 		.4byte	.LVL5-.Ltext0
 336 0064 0100     		.2byte	0x1
 337 0066 50       		.byte	0x50
 338 0067 48000000 		.4byte	.LVL6-.Ltext0
 339 006b 56000000 		.4byte	.LVL7-.Ltext0
 340 006f 0100     		.2byte	0x1
 341 0071 50       		.byte	0x50
 342 0072 00000000 		.4byte	0x0
 343 0076 00000000 		.4byte	0x0
 344              	.LLST4:
 345 007a 70000000 		.4byte	.LFB4-.Ltext0
 346 007e 72000000 		.4byte	.LCFI2-.Ltext0
 347 0082 0100     		.2byte	0x1
 348 0084 5D       		.byte	0x5d
 349 0085 72000000 		.4byte	.LCFI2-.Ltext0
 350 0089 C0000000 		.4byte	.LCFI3-.Ltext0
 351 008d 0200     		.2byte	0x2
 352 008f 7D       		.byte	0x7d
 353 0090 08       		.sleb128 8
 354 0091 C0000000 		.4byte	.LCFI3-.Ltext0
 355 0095 10010000 		.4byte	.LFE4-.Ltext0
ARM GAS  /cygdrive/c/Users/embedded/AppData/Local/Temp/cc7rKLdJ.s 			page 10


 356 0099 0200     		.2byte	0x2
 357 009b 7D       		.byte	0x7d
 358 009c 0C       		.sleb128 12
 359 009d 00000000 		.4byte	0x0
 360 00a1 00000000 		.4byte	0x0
 361              		.section	.debug_info
 362 0000 0A010000 		.4byte	0x10a
 363 0004 0200     		.2byte	0x2
 364 0006 00000000 		.4byte	.Ldebug_abbrev0
 365 000a 04       		.byte	0x4
 366 000b 01       		.uleb128 0x1
 367 000c 00000000 		.4byte	.Ldebug_line0
 368 0010 10010000 		.4byte	.Letext0
 369 0014 00000000 		.4byte	.Ltext0
 370 0018 85000000 		.4byte	.LASF13
 371 001c 01       		.byte	0x1
 372 001d A8000000 		.4byte	.LASF14
 373 0021 15000000 		.4byte	.LASF15
 374 0025 02       		.uleb128 0x2
 375 0026 74553800 		.ascii	"tU8\000"
 376 002a 02       		.byte	0x2
 377 002b 47       		.byte	0x47
 378 002c 30000000 		.4byte	0x30
 379 0030 03       		.uleb128 0x3
 380 0031 AE000000 		.4byte	.LASF1
 381 0035 01       		.byte	0x1
 382 0036 08       		.byte	0x8
 383 0037 04       		.uleb128 0x4
 384 0038 D6000000 		.4byte	.LASF0
 385 003c 02       		.byte	0x2
 386 003d 48       		.byte	0x48
 387 003e 42000000 		.4byte	0x42
 388 0042 03       		.uleb128 0x3
 389 0043 5A000000 		.4byte	.LASF2
 390 0047 02       		.byte	0x2
 391 0048 07       		.byte	0x7
 392 0049 04       		.uleb128 0x4
 393 004a 91000000 		.4byte	.LASF3
 394 004e 02       		.byte	0x2
 395 004f 49       		.byte	0x49
 396 0050 54000000 		.4byte	0x54
 397 0054 03       		.uleb128 0x3
 398 0055 00000000 		.4byte	.LASF4
 399 0059 04       		.byte	0x4
 400 005a 07       		.byte	0x7
 401 005b 03       		.uleb128 0x3
 402 005c 41000000 		.4byte	.LASF5
 403 0060 01       		.byte	0x1
 404 0061 06       		.byte	0x6
 405 0062 03       		.uleb128 0x3
 406 0063 6D000000 		.4byte	.LASF6
 407 0067 02       		.byte	0x2
 408 0068 05       		.byte	0x5
 409 0069 05       		.uleb128 0x5
 410 006a 696E7400 		.ascii	"int\000"
 411 006e 04       		.byte	0x4
 412 006f 05       		.byte	0x5
ARM GAS  /cygdrive/c/Users/embedded/AppData/Local/Temp/cc7rKLdJ.s 			page 11


 413 0070 06       		.uleb128 0x6
 414 0071 A8000000 		.4byte	0xa8
 415 0075 01       		.byte	0x1
 416 0076 96000000 		.4byte	.LASF7
 417 007a 01       		.byte	0x1
 418 007b 28       		.byte	0x28
 419 007c 01       		.byte	0x1
 420 007d 37000000 		.4byte	0x37
 421 0081 00000000 		.4byte	.LFB2
 422 0085 38000000 		.4byte	.LFE2
 423 0089 00000000 		.4byte	.LLST0
 424 008d 07       		.uleb128 0x7
 425 008e 0D000000 		.4byte	.LASF9
 426 0092 01       		.byte	0x1
 427 0093 27       		.byte	0x27
 428 0094 25000000 		.4byte	0x25
 429 0098 1F000000 		.4byte	.LLST1
 430 009c 08       		.uleb128 0x8
 431 009d 4D000000 		.4byte	.LASF10
 432 00a1 01       		.byte	0x1
 433 00a2 2A       		.byte	0x2a
 434 00a3 37000000 		.4byte	0x37
 435 00a7 00       		.byte	0x0
 436 00a8 06       		.uleb128 0x6
 437 00a9 E0000000 		.4byte	0xe0
 438 00ad 01       		.byte	0x1
 439 00ae C4000000 		.4byte	.LASF8
 440 00b2 01       		.byte	0x1
 441 00b3 41       		.byte	0x41
 442 00b4 01       		.byte	0x1
 443 00b5 37000000 		.4byte	0x37
 444 00b9 38000000 		.4byte	.LFB3
 445 00bd 70000000 		.4byte	.LFE3
 446 00c1 3D000000 		.4byte	.LLST2
 447 00c5 07       		.uleb128 0x7
 448 00c6 0D000000 		.4byte	.LASF9
 449 00ca 01       		.byte	0x1
 450 00cb 40       		.byte	0x40
 451 00cc 25000000 		.4byte	0x25
 452 00d0 5C000000 		.4byte	.LLST3
 453 00d4 08       		.uleb128 0x8
 454 00d5 4D000000 		.4byte	.LASF10
 455 00d9 01       		.byte	0x1
 456 00da 43       		.byte	0x43
 457 00db 37000000 		.4byte	0x37
 458 00df 00       		.byte	0x0
 459 00e0 09       		.uleb128 0x9
 460 00e1 08010000 		.4byte	0x108
 461 00e5 01       		.byte	0x1
 462 00e6 BC000000 		.4byte	.LASF11
 463 00ea 01       		.byte	0x1
 464 00eb 5F       		.byte	0x5f
 465 00ec 01       		.byte	0x1
 466 00ed 70000000 		.4byte	.LFB4
 467 00f1 10010000 		.4byte	.LFE4
 468 00f5 7A000000 		.4byte	.LLST4
 469 00f9 0A       		.uleb128 0xa
ARM GAS  /cygdrive/c/Users/embedded/AppData/Local/Temp/cc7rKLdJ.s 			page 12


 470 00fa 77000000 		.4byte	.LASF12
 471 00fe 01       		.byte	0x1
 472 00ff 60       		.byte	0x60
 473 0100 08010000 		.4byte	0x108
 474 0104 02       		.byte	0x2
 475 0105 91       		.byte	0x91
 476 0106 7C       		.sleb128 -4
 477 0107 00       		.byte	0x0
 478 0108 0B       		.uleb128 0xb
 479 0109 49000000 		.4byte	0x49
 480 010d 00       		.byte	0x0
 481              		.section	.debug_abbrev
 482 0000 01       		.uleb128 0x1
 483 0001 11       		.uleb128 0x11
 484 0002 01       		.byte	0x1
 485 0003 10       		.uleb128 0x10
 486 0004 06       		.uleb128 0x6
 487 0005 12       		.uleb128 0x12
 488 0006 01       		.uleb128 0x1
 489 0007 11       		.uleb128 0x11
 490 0008 01       		.uleb128 0x1
 491 0009 25       		.uleb128 0x25
 492 000a 0E       		.uleb128 0xe
 493 000b 13       		.uleb128 0x13
 494 000c 0B       		.uleb128 0xb
 495 000d 03       		.uleb128 0x3
 496 000e 0E       		.uleb128 0xe
 497 000f 1B       		.uleb128 0x1b
 498 0010 0E       		.uleb128 0xe
 499 0011 00       		.byte	0x0
 500 0012 00       		.byte	0x0
 501 0013 02       		.uleb128 0x2
 502 0014 16       		.uleb128 0x16
 503 0015 00       		.byte	0x0
 504 0016 03       		.uleb128 0x3
 505 0017 08       		.uleb128 0x8
 506 0018 3A       		.uleb128 0x3a
 507 0019 0B       		.uleb128 0xb
 508 001a 3B       		.uleb128 0x3b
 509 001b 0B       		.uleb128 0xb
 510 001c 49       		.uleb128 0x49
 511 001d 13       		.uleb128 0x13
 512 001e 00       		.byte	0x0
 513 001f 00       		.byte	0x0
 514 0020 03       		.uleb128 0x3
 515 0021 24       		.uleb128 0x24
 516 0022 00       		.byte	0x0
 517 0023 03       		.uleb128 0x3
 518 0024 0E       		.uleb128 0xe
 519 0025 0B       		.uleb128 0xb
 520 0026 0B       		.uleb128 0xb
 521 0027 3E       		.uleb128 0x3e
 522 0028 0B       		.uleb128 0xb
 523 0029 00       		.byte	0x0
 524 002a 00       		.byte	0x0
 525 002b 04       		.uleb128 0x4
 526 002c 16       		.uleb128 0x16
ARM GAS  /cygdrive/c/Users/embedded/AppData/Local/Temp/cc7rKLdJ.s 			page 13


 527 002d 00       		.byte	0x0
 528 002e 03       		.uleb128 0x3
 529 002f 0E       		.uleb128 0xe
 530 0030 3A       		.uleb128 0x3a
 531 0031 0B       		.uleb128 0xb
 532 0032 3B       		.uleb128 0x3b
 533 0033 0B       		.uleb128 0xb
 534 0034 49       		.uleb128 0x49
 535 0035 13       		.uleb128 0x13
 536 0036 00       		.byte	0x0
 537 0037 00       		.byte	0x0
 538 0038 05       		.uleb128 0x5
 539 0039 24       		.uleb128 0x24
 540 003a 00       		.byte	0x0
 541 003b 03       		.uleb128 0x3
 542 003c 08       		.uleb128 0x8
 543 003d 0B       		.uleb128 0xb
 544 003e 0B       		.uleb128 0xb
 545 003f 3E       		.uleb128 0x3e
 546 0040 0B       		.uleb128 0xb
 547 0041 00       		.byte	0x0
 548 0042 00       		.byte	0x0
 549 0043 06       		.uleb128 0x6
 550 0044 2E       		.uleb128 0x2e
 551 0045 01       		.byte	0x1
 552 0046 01       		.uleb128 0x1
 553 0047 13       		.uleb128 0x13
 554 0048 3F       		.uleb128 0x3f
 555 0049 0C       		.uleb128 0xc
 556 004a 03       		.uleb128 0x3
 557 004b 0E       		.uleb128 0xe
 558 004c 3A       		.uleb128 0x3a
 559 004d 0B       		.uleb128 0xb
 560 004e 3B       		.uleb128 0x3b
 561 004f 0B       		.uleb128 0xb
 562 0050 27       		.uleb128 0x27
 563 0051 0C       		.uleb128 0xc
 564 0052 49       		.uleb128 0x49
 565 0053 13       		.uleb128 0x13
 566 0054 11       		.uleb128 0x11
 567 0055 01       		.uleb128 0x1
 568 0056 12       		.uleb128 0x12
 569 0057 01       		.uleb128 0x1
 570 0058 40       		.uleb128 0x40
 571 0059 06       		.uleb128 0x6
 572 005a 00       		.byte	0x0
 573 005b 00       		.byte	0x0
 574 005c 07       		.uleb128 0x7
 575 005d 05       		.uleb128 0x5
 576 005e 00       		.byte	0x0
 577 005f 03       		.uleb128 0x3
 578 0060 0E       		.uleb128 0xe
 579 0061 3A       		.uleb128 0x3a
 580 0062 0B       		.uleb128 0xb
 581 0063 3B       		.uleb128 0x3b
 582 0064 0B       		.uleb128 0xb
 583 0065 49       		.uleb128 0x49
ARM GAS  /cygdrive/c/Users/embedded/AppData/Local/Temp/cc7rKLdJ.s 			page 14


 584 0066 13       		.uleb128 0x13
 585 0067 02       		.uleb128 0x2
 586 0068 06       		.uleb128 0x6
 587 0069 00       		.byte	0x0
 588 006a 00       		.byte	0x0
 589 006b 08       		.uleb128 0x8
 590 006c 34       		.uleb128 0x34
 591 006d 00       		.byte	0x0
 592 006e 03       		.uleb128 0x3
 593 006f 0E       		.uleb128 0xe
 594 0070 3A       		.uleb128 0x3a
 595 0071 0B       		.uleb128 0xb
 596 0072 3B       		.uleb128 0x3b
 597 0073 0B       		.uleb128 0xb
 598 0074 49       		.uleb128 0x49
 599 0075 13       		.uleb128 0x13
 600 0076 00       		.byte	0x0
 601 0077 00       		.byte	0x0
 602 0078 09       		.uleb128 0x9
 603 0079 2E       		.uleb128 0x2e
 604 007a 01       		.byte	0x1
 605 007b 01       		.uleb128 0x1
 606 007c 13       		.uleb128 0x13
 607 007d 3F       		.uleb128 0x3f
 608 007e 0C       		.uleb128 0xc
 609 007f 03       		.uleb128 0x3
 610 0080 0E       		.uleb128 0xe
 611 0081 3A       		.uleb128 0x3a
 612 0082 0B       		.uleb128 0xb
 613 0083 3B       		.uleb128 0x3b
 614 0084 0B       		.uleb128 0xb
 615 0085 27       		.uleb128 0x27
 616 0086 0C       		.uleb128 0xc
 617 0087 11       		.uleb128 0x11
 618 0088 01       		.uleb128 0x1
 619 0089 12       		.uleb128 0x12
 620 008a 01       		.uleb128 0x1
 621 008b 40       		.uleb128 0x40
 622 008c 06       		.uleb128 0x6
 623 008d 00       		.byte	0x0
 624 008e 00       		.byte	0x0
 625 008f 0A       		.uleb128 0xa
 626 0090 34       		.uleb128 0x34
 627 0091 00       		.byte	0x0
 628 0092 03       		.uleb128 0x3
 629 0093 0E       		.uleb128 0xe
 630 0094 3A       		.uleb128 0x3a
 631 0095 0B       		.uleb128 0xb
 632 0096 3B       		.uleb128 0x3b
 633 0097 0B       		.uleb128 0xb
 634 0098 49       		.uleb128 0x49
 635 0099 13       		.uleb128 0x13
 636 009a 02       		.uleb128 0x2
 637 009b 0A       		.uleb128 0xa
 638 009c 00       		.byte	0x0
 639 009d 00       		.byte	0x0
 640 009e 0B       		.uleb128 0xb
ARM GAS  /cygdrive/c/Users/embedded/AppData/Local/Temp/cc7rKLdJ.s 			page 15


 641 009f 35       		.uleb128 0x35
 642 00a0 00       		.byte	0x0
 643 00a1 49       		.uleb128 0x49
 644 00a2 13       		.uleb128 0x13
 645 00a3 00       		.byte	0x0
 646 00a4 00       		.byte	0x0
 647 00a5 00       		.byte	0x0
 648              		.section	.debug_pubnames,"",%progbits
 649 0000 46000000 		.4byte	0x46
 650 0004 0200     		.2byte	0x2
 651 0006 00000000 		.4byte	.Ldebug_info0
 652 000a 0E010000 		.4byte	0x10e
 653 000e 70000000 		.4byte	0x70
 654 0012 67657441 		.ascii	"getAnalogueInput0\000"
 654      6E616C6F 
 654      67756549 
 654      6E707574 
 654      3000
 655 0024 A8000000 		.4byte	0xa8
 656 0028 67657441 		.ascii	"getAnalogueInput1\000"
 656      6E616C6F 
 656      67756549 
 656      6E707574 
 656      3100
 657 003a E0000000 		.4byte	0xe0
 658 003e 696E6974 		.ascii	"initAdc\000"
 658      41646300 
 659 0046 00000000 		.4byte	0x0
 660              		.section	.debug_aranges,"",%progbits
 661 0000 1C000000 		.4byte	0x1c
 662 0004 0200     		.2byte	0x2
 663 0006 00000000 		.4byte	.Ldebug_info0
 664 000a 04       		.byte	0x4
 665 000b 00       		.byte	0x0
 666 000c 0000     		.2byte	0x0
 667 000e 0000     		.2byte	0x0
 668 0010 00000000 		.4byte	.Ltext0
 669 0014 10010000 		.4byte	.Letext0-.Ltext0
 670 0018 00000000 		.4byte	0x0
 671 001c 00000000 		.4byte	0x0
 672              		.section	.debug_str,"MS",%progbits,1
 673              	.LASF4:
 674 0000 756E7369 		.ascii	"unsigned int\000"
 674      676E6564 
 674      20696E74 
 674      00
 675              	.LASF9:
 676 000d 6368616E 		.ascii	"channel\000"
 676      6E656C00 
 677              	.LASF15:
 678 0015 2F637967 		.ascii	"/cygdrive/c/Users/embedded/Desktop/lcd_game\000"
 678      64726976 
 678      652F632F 
 678      55736572 
 678      732F656D 
 679              	.LASF5:
 680 0041 7369676E 		.ascii	"signed char\000"
ARM GAS  /cygdrive/c/Users/embedded/AppData/Local/Temp/cc7rKLdJ.s 			page 16


 680      65642063 
 680      68617200 
 681              	.LASF10:
 682 004d 72657475 		.ascii	"returnResult\000"
 682      726E5265 
 682      73756C74 
 682      00
 683              	.LASF2:
 684 005a 73686F72 		.ascii	"short unsigned int\000"
 684      7420756E 
 684      7369676E 
 684      65642069 
 684      6E7400
 685              	.LASF6:
 686 006d 73686F72 		.ascii	"short int\000"
 686      7420696E 
 686      7400
 687              	.LASF12:
 688 0077 696E7465 		.ascii	"integerResult\000"
 688      67657252 
 688      6573756C 
 688      7400
 689              	.LASF13:
 690 0085 474E5520 		.ascii	"GNU C 4.1.1\000"
 690      4320342E 
 690      312E3100 
 691              	.LASF3:
 692 0091 74553332 		.ascii	"tU32\000"
 692      00
 693              	.LASF7:
 694 0096 67657441 		.ascii	"getAnalogueInput0\000"
 694      6E616C6F 
 694      67756549 
 694      6E707574 
 694      3000
 695              	.LASF14:
 696 00a8 6164632E 		.ascii	"adc.c\000"
 696      6300
 697              	.LASF1:
 698 00ae 756E7369 		.ascii	"unsigned char\000"
 698      676E6564 
 698      20636861 
 698      7200
 699              	.LASF11:
 700 00bc 696E6974 		.ascii	"initAdc\000"
 700      41646300 
 701              	.LASF8:
 702 00c4 67657441 		.ascii	"getAnalogueInput1\000"
 702      6E616C6F 
 702      67756549 
 702      6E707574 
 702      3100
 703              	.LASF0:
 704 00d6 74553136 		.ascii	"tU16\000"
 704      00
 705              		.ident	"GCC: (GNU) 4.1.1"
ARM GAS  /cygdrive/c/Users/embedded/AppData/Local/Temp/cc7rKLdJ.s 			page 17


DEFINED SYMBOLS
                            *ABS*:00000000 adc.c
/cygdrive/c/Users/embedded/AppData/Local/Temp/cc7rKLdJ.s:1      .text:00000000 $t
/cygdrive/c/Users/embedded/AppData/Local/Temp/cc7rKLdJ.s:16     .text:00000000 getAnalogueInput0
/cygdrive/c/Users/embedded/AppData/Local/Temp/cc7rKLdJ.s:62     .text:00000030 $d
/cygdrive/c/Users/embedded/AppData/Local/Temp/cc7rKLdJ.s:71     .text:00000038 getAnalogueInput1
/cygdrive/c/Users/embedded/AppData/Local/Temp/cc7rKLdJ.s:68     .text:00000038 $t
/cygdrive/c/Users/embedded/AppData/Local/Temp/cc7rKLdJ.s:116    .text:00000068 $d
/cygdrive/c/Users/embedded/AppData/Local/Temp/cc7rKLdJ.s:125    .text:00000070 initAdc
/cygdrive/c/Users/embedded/AppData/Local/Temp/cc7rKLdJ.s:122    .text:00000070 $t
/cygdrive/c/Users/embedded/AppData/Local/Temp/cc7rKLdJ.s:214    .text:000000e8 $d

UNDEFINED SYMBOLS
osSleep
